Using pre-set license
Built from '2020.3/release' branch; Version is '2020.3.7f1 (dd97f2c94397) revision 14522354'; Using compiler version '192528614'; Build Type 'Release'
OS: 'Windows 10 Home; OS build 22000.493; Version 2009; 64bit' Language: 'en' Physical Memory: 16215 MB
BatchMode: 1, IsHumanControllingUs: 0, StartBugReporterOnCrash: 0, Is64bit: 1, IsPro: 0

 COMMAND LINE ARGUMENTS:
C:\Program Files\Unity\Hub\Editor\2020.3.7f1\Editor\Unity.exe
-adb2
-batchMode
-noUpm
-name
AssetImportWorker0
-projectPath
C:/Users/wilso/Documents/Jacob_GAD170
-logFile
Logs/AssetImportWorker0.log
-srvPort
56800
Successfully changed project path to: C:/Users/wilso/Documents/Jacob_GAD170
C:/Users/wilso/Documents/Jacob_GAD170
Using Asset Import Pipeline V2.
Refreshing native plugins compatible for Editor in 41.49 ms, found 0 plugins.
Preloading 0 native plugins for Editor in 0.00 ms.
Initialize engine version: 2020.3.7f1 (dd97f2c94397)
[Subsystems] Discovering subsystems at path C:/Program Files/Unity/Hub/Editor/2020.3.7f1/Editor/Data/Resources/UnitySubsystems
[Subsystems] Discovering subsystems at path C:/Users/wilso/Documents/Jacob_GAD170/Assets
GfxDevice: creating device client; threaded=0
Direct3D:
    Version:  Direct3D 11.0 [level 11.1]
    Renderer: NVIDIA GeForce RTX 3060 Laptop GPU (ID=0x2520)
    Vendor:   
    VRAM:     6023 MB
    Driver:   27.21.14.6179
Initialize mono
Mono path[0] = 'C:/Program Files/Unity/Hub/Editor/2020.3.7f1/Editor/Data/Managed'
Mono path[1] = 'C:/Program Files/Unity/Hub/Editor/2020.3.7f1/Editor/Data/MonoBleedingEdge/lib/mono/unityjit'
Mono config path = 'C:/Program Files/Unity/Hub/Editor/2020.3.7f1/Editor/Data/MonoBleedingEdge/etc'
Using monoOptions --debugger-agent=transport=dt_socket,embedding=1,server=y,suspend=n,address=127.0.0.1:56900
Begin MonoManager ReloadAssembly
Registering precompiled unity dll's ...
Register platform support module: C:/Program Files/Unity/Hub/Editor/2020.3.7f1/Editor/Data/PlaybackEngines/WindowsStandaloneSupport/UnityEditor.WindowsStandalone.Extensions.dll
Registered in 0.001084 seconds.
Native extension for WindowsStandalone target not found
Refreshing native plugins compatible for Editor in 22.79 ms, found 0 plugins.
Preloading 0 native plugins for Editor in 0.00 ms.
Mono: successfully reloaded assembly
- Completed reload, in  1.476 seconds
Platform modules already initialized, skipping
Registering precompiled user dll's ...
Registered in 0.001453 seconds.
Begin MonoManager ReloadAssembly
Native extension for WindowsStandalone target not found
Refreshing native plugins compatible for Editor in 0.32 ms, found 0 plugins.
Preloading 0 native plugins for Editor in 0.00 ms.
Mono: successfully reloaded assembly
- Completed reload, in  2.128 seconds
Platform modules already initialized, skipping
========================================================================
Worker process is ready to serve import requests
Launched and connected shader compiler UnityShaderCompiler.exe after 0.03 seconds
Refreshing native plugins compatible for Editor in 0.29 ms, found 0 plugins.
Preloading 0 native plugins for Editor in 0.00 ms.
Unloading 1118 Unused Serialized files (Serialized files now loaded: 0)
System memory in use before: 57.3 MB.
System memory in use after: 57.4 MB.

Unloading 9 unused Assets to reduce memory usage. Loaded Objects now: 1561.
Total: 2.290400 ms (FindLiveObjects: 0.223800 ms CreateObjectMapping: 0.116500 ms MarkObjects: 1.874100 ms  DeleteObjects: 0.074600 ms)

========================================================================
Received Import Request.
  path: Assets/XPSystem.cs
  artifactKey: Guid(6d704a71e6960a54798c358c2a374cfa) Importer(815301076,1909f56bfc062723c751e8b465ee728b)
Start importing Assets/XPSystem.cs using Guid(6d704a71e6960a54798c358c2a374cfa) Importer(815301076,1909f56bfc062723c751e8b465ee728b)  -> (artifact id: '8bbb485f1f0e5379253ff831494c6fb8') in 0.032560 seconds
  Import took 0.035046 seconds .

========================================================================
Received Import Request.
  Time since last request: 1093.392202 seconds.
  path: Assets/XPSystem.cs
  artifactKey: Guid(6d704a71e6960a54798c358c2a374cfa) Importer(815301076,1909f56bfc062723c751e8b465ee728b)
Start importing Assets/XPSystem.cs using Guid(6d704a71e6960a54798c358c2a374cfa) Importer(815301076,1909f56bfc062723c751e8b465ee728b)  -> (artifact id: 'bab53c46aace947546cd976104ee623a') in 0.004371 seconds
  Import took 0.006831 seconds .

========================================================================
Received Import Request.
  Time since last request: 0.003202 seconds.
  path: Assets/XPSystem.cs
  artifactKey: Guid(6d704a71e6960a54798c358c2a374cfa) Importer(815301076,1909f56bfc062723c751e8b465ee728b)
Start importing Assets/XPSystem.cs using Guid(6d704a71e6960a54798c358c2a374cfa) Importer(815301076,1909f56bfc062723c751e8b465ee728b)  -> (artifact id: 'bab53c46aace947546cd976104ee623a') in 0.004121 seconds
  Import took 0.006927 seconds .

========================================================================
Received Import Request.
  Time since last request: 17.472667 seconds.
  path: Assets/XPSystem.cs
  artifactKey: Guid(6d704a71e6960a54798c358c2a374cfa) Importer(815301076,1909f56bfc062723c751e8b465ee728b)
Start importing Assets/XPSystem.cs using Guid(6d704a71e6960a54798c358c2a374cfa) Importer(815301076,1909f56bfc062723c751e8b465ee728b)  -> (artifact id: '5c073ee0dbfbf6221b3e69906c9fe37f') in 0.004372 seconds
  Import took 0.007929 seconds .

========================================================================
Received Import Request.
  Time since last request: 949.219622 seconds.
  path: Assets/XPSystem.cs
  artifactKey: Guid(6d704a71e6960a54798c358c2a374cfa) Importer(815301076,1909f56bfc062723c751e8b465ee728b)
Start importing Assets/XPSystem.cs using Guid(6d704a71e6960a54798c358c2a374cfa) Importer(815301076,1909f56bfc062723c751e8b465ee728b)  -> (artifact id: '6ae675492d00e599a4135e9658027c09') in 0.003461 seconds
  Import took 0.006430 seconds .

========================================================================
Received Prepare
Registering precompiled user dll's ...
Registered in 0.000999 seconds.
Begin MonoManager ReloadAssembly
Native extension for WindowsStandalone target not found
Refreshing native plugins compatible for Editor in 0.18 ms, found 0 plugins.
Preloading 0 native plugins for Editor in 0.00 ms.
Mono: successfully reloaded assembly
- Completed reload, in  0.728 seconds
Platform modules already initialized, skipping
Refreshing native plugins compatible for Editor in 0.24 ms, found 0 plugins.
Preloading 0 native plugins for Editor in 0.00 ms.
Unloading 1112 Unused Serialized files (Serialized files now loaded: 0)
System memory in use before: 57.1 MB.
System memory in use after: 57.2 MB.

Unloading 4 unused Assets to reduce memory usage. Loaded Objects now: 1564.
Total: 1.559700 ms (FindLiveObjects: 0.245600 ms CreateObjectMapping: 0.100300 ms MarkObjects: 1.198900 ms  DeleteObjects: 0.013900 ms)

========================================================================
Received Import Request.
  Time since last request: 55.489604 seconds.
  path: Assets/XPSystem.cs
  artifactKey: Guid(6d704a71e6960a54798c358c2a374cfa) Importer(815301076,1909f56bfc062723c751e8b465ee728b)
Start importing Assets/XPSystem.cs using Guid(6d704a71e6960a54798c358c2a374cfa) Importer(815301076,1909f56bfc062723c751e8b465ee728b)  -> (artifact id: 'bdcdcf0085922759a051d20626aa0629') in 0.005469 seconds
  Import took 0.007453 seconds .

========================================================================
Received Prepare
Registering precompiled user dll's ...
Registered in 0.000685 seconds.
Begin MonoManager ReloadAssembly
Native extension for WindowsStandalone target not found
Refreshing native plugins compatible for Editor in 0.21 ms, found 0 plugins.
Preloading 0 native plugins for Editor in 0.00 ms.
Mono: successfully reloaded assembly
- Completed reload, in  0.780 seconds
Platform modules already initialized, skipping
Refreshing native plugins compatible for Editor in 0.18 ms, found 0 plugins.
Preloading 0 native plugins for Editor in 0.00 ms.
Unloading 1112 Unused Serialized files (Serialized files now loaded: 0)
System memory in use before: 57.2 MB.
System memory in use after: 57.3 MB.

Unloading 4 unused Assets to reduce memory usage. Loaded Objects now: 1567.
Total: 1.296700 ms (FindLiveObjects: 0.118500 ms CreateObjectMapping: 0.037500 ms MarkObjects: 1.129900 ms  DeleteObjects: 0.009700 ms)

========================================================================
Received Import Request.
  Time since last request: 103.449324 seconds.
  path: Assets/XPSystem.cs
  artifactKey: Guid(6d704a71e6960a54798c358c2a374cfa) Importer(815301076,1909f56bfc062723c751e8b465ee728b)
Start importing Assets/XPSystem.cs using Guid(6d704a71e6960a54798c358c2a374cfa) Importer(815301076,1909f56bfc062723c751e8b465ee728b)  -> (artifact id: '44bc6d9df984214c3784154116857e71') in 0.003979 seconds
  Import took 0.006585 seconds .

========================================================================
Received Prepare
Registering precompiled user dll's ...
Registered in 0.000480 seconds.
Begin MonoManager ReloadAssembly
Native extension for WindowsStandalone target not found
Refreshing native plugins compatible for Editor in 0.18 ms, found 0 plugins.
Preloading 0 native plugins for Editor in 0.00 ms.
Mono: successfully reloaded assembly
- Completed reload, in  0.670 seconds
Platform modules already initialized, skipping
Refreshing native plugins compatible for Editor in 0.18 ms, found 0 plugins.
Preloading 0 native plugins for Editor in 0.00 ms.
Unloading 1112 Unused Serialized files (Serialized files now loaded: 0)
System memory in use before: 57.2 MB.
System memory in use after: 57.3 MB.

Unloading 4 unused Assets to reduce memory usage. Loaded Objects now: 1570.
Total: 1.517600 ms (FindLiveObjects: 0.200300 ms CreateObjectMapping: 0.075400 ms MarkObjects: 1.228300 ms  DeleteObjects: 0.012300 ms)

AssetImportWorkerClient::OnTransportError - code=2 error=End of file
