Using pre-set license
Built from '2020.3/release' branch; Version is '2020.3.7f1 (dd97f2c94397) revision 14522354'; Using compiler version '192528614'; Build Type 'Release'
OS: 'Windows 10 Enterprise; OS build 19041.1415; Version 2004; 64bit' Language: 'en' Physical Memory: 32683 MB
BatchMode: 1, IsHumanControllingUs: 0, StartBugReporterOnCrash: 0, Is64bit: 1, IsPro: 0

 COMMAND LINE ARGUMENTS:
C:\Program Files\Unity\Editor\Unity.exe
-adb2
-batchMode
-noUpm
-name
AssetImportWorker0
-projectPath
C:/Users/jpwilson/Documents/GitHub/Jacob_GAD170
-logFile
Logs/AssetImportWorker0.log
-srvPort
50792
Successfully changed project path to: C:/Users/jpwilson/Documents/GitHub/Jacob_GAD170
C:/Users/jpwilson/Documents/GitHub/Jacob_GAD170
Using Asset Import Pipeline V2.
Refreshing native plugins compatible for Editor in 27.68 ms, found 0 plugins.
Preloading 0 native plugins for Editor in 0.00 ms.
Initialize engine version: 2020.3.7f1 (dd97f2c94397)
[Subsystems] Discovering subsystems at path C:/Program Files/Unity/Editor/Data/Resources/UnitySubsystems
[Subsystems] Discovering subsystems at path C:/Users/jpwilson/Documents/GitHub/Jacob_GAD170/Assets
GfxDevice: creating device client; threaded=0
Direct3D:
    Version:  Direct3D 11.0 [level 11.1]
    Renderer: NVIDIA GeForce GTX 980 (ID=0x13c0)
    Vendor:   
    VRAM:     4053 MB
    Driver:   27.21.14.5671
Initialize mono
Mono path[0] = 'C:/Program Files/Unity/Editor/Data/Managed'
Mono path[1] = 'C:/Program Files/Unity/Editor/Data/MonoBleedingEdge/lib/mono/unityjit'
Mono config path = 'C:/Program Files/Unity/Editor/Data/MonoBleedingEdge/etc'
Using monoOptions --debugger-agent=transport=dt_socket,embedding=1,server=y,suspend=n,address=127.0.0.1:56068
Begin MonoManager ReloadAssembly
Registering precompiled unity dll's ...
Register platform support module: C:/Program Files/Unity/Editor/Data/PlaybackEngines/WindowsStandaloneSupport/UnityEditor.WindowsStandalone.Extensions.dll
Registered in 0.002658 seconds.
Native extension for WindowsStandalone target not found
Refreshing native plugins compatible for Editor in 22.14 ms, found 0 plugins.
Preloading 0 native plugins for Editor in 0.00 ms.
Mono: successfully reloaded assembly
- Completed reload, in  1.363 seconds
Platform modules already initialized, skipping
Registering precompiled user dll's ...
Registered in 0.001445 seconds.
Begin MonoManager ReloadAssembly
Native extension for WindowsStandalone target not found
Refreshing native plugins compatible for Editor in 0.19 ms, found 0 plugins.
Preloading 0 native plugins for Editor in 0.00 ms.
Mono: successfully reloaded assembly
- Completed reload, in  0.782 seconds
Platform modules already initialized, skipping
========================================================================
Worker process is ready to serve import requests
Launched and connected shader compiler UnityShaderCompiler.exe after 0.07 seconds
Refreshing native plugins compatible for Editor in 0.37 ms, found 0 plugins.
Preloading 0 native plugins for Editor in 0.00 ms.
Unloading 1116 Unused Serialized files (Serialized files now loaded: 0)
System memory in use before: 56.9 MB.
System memory in use after: 57.0 MB.

Unloading 9 unused Assets to reduce memory usage. Loaded Objects now: 1559.
Total: 1.992700 ms (FindLiveObjects: 0.284000 ms CreateObjectMapping: 0.071200 ms MarkObjects: 1.579200 ms  DeleteObjects: 0.057500 ms)

========================================================================
Received Import Request.
  path: Assets/New Terrain.asset
  artifactKey: Guid(ed927d1b9fbff5c4bad414bf38458bd3) Importer(815301076,1909f56bfc062723c751e8b465ee728b)
Start importing Assets/New Terrain.asset using Guid(ed927d1b9fbff5c4bad414bf38458bd3) Importer(815301076,1909f56bfc062723c751e8b465ee728b)  -> (artifact id: '2d8ac8e75b17ce6d2dc3ab41576f754d') in 0.044684 seconds
  Import took 0.046558 seconds .

========================================================================
Received Import Request.
  Time since last request: 22.021612 seconds.
  path: Assets/Test.cs
  artifactKey: Guid(306e73620cfcfdf4e8eba020a9bf7131) Importer(815301076,1909f56bfc062723c751e8b465ee728b)
Start importing Assets/Test.cs using Guid(306e73620cfcfdf4e8eba020a9bf7131) Importer(815301076,1909f56bfc062723c751e8b465ee728b)  -> (artifact id: 'a0721f55f951f7d3799c6f5cf978ca0f') in 0.021467 seconds
  Import took 0.023339 seconds .

========================================================================
Received Import Request.
  Time since last request: 642.896251 seconds.
  path: Assets
  artifactKey: Guid(00000000000000001000000000000000) Importer(815301076,1909f56bfc062723c751e8b465ee728b)
Start importing Assets using Guid(00000000000000001000000000000000) Importer(815301076,1909f56bfc062723c751e8b465ee728b)  -> (artifact id: '5f6a1853b736837ecfb0820a881449cb') in 0.003872 seconds
  Import took 0.006887 seconds .

========================================================================
Received Import Request.
  Time since last request: 65.490313 seconds.
  path: Assets/NewBehaviourScript.cs
  artifactKey: Guid(8701051597674574a8ab1adc5a8b2454) Importer(815301076,1909f56bfc062723c751e8b465ee728b)
Start importing Assets/NewBehaviourScript.cs using Guid(8701051597674574a8ab1adc5a8b2454) Importer(815301076,1909f56bfc062723c751e8b465ee728b)  -> (artifact id: '49851579cb578f14206ea83cbef4873b') in 0.003207 seconds
  Import took 0.005438 seconds .

========================================================================
Received Prepare
Registering precompiled user dll's ...
Registered in 0.001365 seconds.
Begin MonoManager ReloadAssembly
Native extension for WindowsStandalone target not found
Refreshing native plugins compatible for Editor in 0.24 ms, found 0 plugins.
Preloading 0 native plugins for Editor in 0.00 ms.
Mono: successfully reloaded assembly
- Completed reload, in  0.833 seconds
Platform modules already initialized, skipping
Refreshing native plugins compatible for Editor in 0.23 ms, found 0 plugins.
Preloading 0 native plugins for Editor in 0.00 ms.
Unloading 1111 Unused Serialized files (Serialized files now loaded: 0)
System memory in use before: 57.7 MB.
System memory in use after: 57.2 MB.

Unloading 6 unused Assets to reduce memory usage. Loaded Objects now: 1564.
Total: 2.530400 ms (FindLiveObjects: 0.168200 ms CreateObjectMapping: 0.039500 ms MarkObjects: 1.858500 ms  DeleteObjects: 0.463000 ms)

========================================================================
Received Prepare
Registering precompiled user dll's ...
Registered in 0.001297 seconds.
Begin MonoManager ReloadAssembly
Native extension for WindowsStandalone target not found
Refreshing native plugins compatible for Editor in 0.18 ms, found 0 plugins.
Preloading 0 native plugins for Editor in 0.00 ms.
Mono: successfully reloaded assembly
- Completed reload, in  0.781 seconds
Platform modules already initialized, skipping
Refreshing native plugins compatible for Editor in 0.23 ms, found 0 plugins.
Preloading 0 native plugins for Editor in 0.00 ms.
Unloading 1110 Unused Serialized files (Serialized files now loaded: 0)
System memory in use before: 57.1 MB.
System memory in use after: 57.2 MB.

Unloading 5 unused Assets to reduce memory usage. Loaded Objects now: 1566.
Total: 1.850500 ms (FindLiveObjects: 0.139700 ms CreateObjectMapping: 0.038500 ms MarkObjects: 1.633700 ms  DeleteObjects: 0.037300 ms)

========================================================================
Received Import Request.
  Time since last request: 476.125002 seconds.
  path: Assets/RacingScript.cs
  artifactKey: Guid(f13e1e5bc59f3ff47a44e58f2f7dbe3b) Importer(815301076,1909f56bfc062723c751e8b465ee728b)
Start importing Assets/RacingScript.cs using Guid(f13e1e5bc59f3ff47a44e58f2f7dbe3b) Importer(815301076,1909f56bfc062723c751e8b465ee728b)  -> (artifact id: '33b2a2a7474e05a246da68dd126d1f6f') in 0.006409 seconds
  Import took 0.008493 seconds .

========================================================================
Received Import Request.
  Time since last request: 0.000648 seconds.
  path: Assets/RacingScript.cs
  artifactKey: Guid(f13e1e5bc59f3ff47a44e58f2f7dbe3b) Importer(815301076,1909f56bfc062723c751e8b465ee728b)
Start importing Assets/RacingScript.cs using Guid(f13e1e5bc59f3ff47a44e58f2f7dbe3b) Importer(815301076,1909f56bfc062723c751e8b465ee728b)  -> (artifact id: '33b2a2a7474e05a246da68dd126d1f6f') in 0.003942 seconds
  Import took 0.006938 seconds .

========================================================================
Received Prepare
Registering precompiled user dll's ...
Registered in 0.001199 seconds.
Begin MonoManager ReloadAssembly
Native extension for WindowsStandalone target not found
Refreshing native plugins compatible for Editor in 0.20 ms, found 0 plugins.
Preloading 0 native plugins for Editor in 0.00 ms.
Mono: successfully reloaded assembly
- Completed reload, in  0.806 seconds
Platform modules already initialized, skipping
Refreshing native plugins compatible for Editor in 0.19 ms, found 0 plugins.
Preloading 0 native plugins for Editor in 0.00 ms.
Unloading 1111 Unused Serialized files (Serialized files now loaded: 0)
System memory in use before: 57.2 MB.
System memory in use after: 57.3 MB.

Unloading 4 unused Assets to reduce memory usage. Loaded Objects now: 1570.
Total: 2.212900 ms (FindLiveObjects: 0.320800 ms CreateObjectMapping: 0.057900 ms MarkObjects: 1.806700 ms  DeleteObjects: 0.026600 ms)

========================================================================
Received Prepare
Registering precompiled user dll's ...
Registered in 0.001620 seconds.
Begin MonoManager ReloadAssembly
Native extension for WindowsStandalone target not found
Refreshing native plugins compatible for Editor in 0.21 ms, found 0 plugins.
Preloading 0 native plugins for Editor in 0.00 ms.
Mono: successfully reloaded assembly
- Completed reload, in  0.788 seconds
Platform modules already initialized, skipping
Refreshing native plugins compatible for Editor in 0.20 ms, found 0 plugins.
Preloading 0 native plugins for Editor in 0.00 ms.
Unloading 1111 Unused Serialized files (Serialized files now loaded: 0)
System memory in use before: 57.2 MB.
System memory in use after: 57.3 MB.

Unloading 4 unused Assets to reduce memory usage. Loaded Objects now: 1573.
Total: 1.955800 ms (FindLiveObjects: 0.178200 ms CreateObjectMapping: 0.072600 ms MarkObjects: 1.687800 ms  DeleteObjects: 0.015900 ms)

========================================================================
Received Import Request.
  Time since last request: 1055.666738 seconds.
  path: Assets/RacingScript.cs
  artifactKey: Guid(f13e1e5bc59f3ff47a44e58f2f7dbe3b) Importer(815301076,1909f56bfc062723c751e8b465ee728b)
Start importing Assets/RacingScript.cs using Guid(f13e1e5bc59f3ff47a44e58f2f7dbe3b) Importer(815301076,1909f56bfc062723c751e8b465ee728b)  -> (artifact id: '51c9ab507ac68facfe505fd2cd5e21c0') in 0.007923 seconds
  Import took 0.012005 seconds .

========================================================================
Received Prepare
Registering precompiled user dll's ...
Registered in 0.001537 seconds.
Begin MonoManager ReloadAssembly
Native extension for WindowsStandalone target not found
Refreshing native plugins compatible for Editor in 0.33 ms, found 0 plugins.
Preloading 0 native plugins for Editor in 0.00 ms.
Mono: successfully reloaded assembly
- Completed reload, in  0.890 seconds
Platform modules already initialized, skipping
Refreshing native plugins compatible for Editor in 0.25 ms, found 0 plugins.
Preloading 0 native plugins for Editor in 0.00 ms.
Unloading 1111 Unused Serialized files (Serialized files now loaded: 0)
System memory in use before: 57.2 MB.
System memory in use after: 57.3 MB.

Unloading 4 unused Assets to reduce memory usage. Loaded Objects now: 1576.
Total: 1.784700 ms (FindLiveObjects: 0.161900 ms CreateObjectMapping: 0.054400 ms MarkObjects: 1.555200 ms  DeleteObjects: 0.012300 ms)

========================================================================
Received Import Request.
  Time since last request: 238.338054 seconds.
  path: Assets/Class.unity
  artifactKey: Guid(d42c5bc4994d1b04f889683ce28f8d66) Importer(815301076,1909f56bfc062723c751e8b465ee728b)
Start importing Assets/Class.unity using Guid(d42c5bc4994d1b04f889683ce28f8d66) Importer(815301076,1909f56bfc062723c751e8b465ee728b)  -> (artifact id: 'e8581812e4ec0385e43b8b5e2f2d9e2d') in 0.014099 seconds
  Import took 0.016055 seconds .

